{"contracts/ETHDaddy.sol":{"l":{"35":3,"36":3,"37":3,"43":12,"45":12,"46":12,"47":12,"53":9,"54":1,"57":8,"58":1,"61":7,"62":1,"65":6,"66":6,"69":6,"71":6,"76":4,"77":1,"80":3,"81":1,"84":2,"85":2,"87":2,"88":2,"89":0,"94":1,"98":2,"102":4,"106":1,"110":1,"114":2},"path":"/Users/pranavlakkadi/HH-FCC/ETH_Daddy/contracts/ETHDaddy.sol","s":{"1":9,"2":8,"3":7,"4":6,"5":4,"6":3,"7":2,"8":2,"9":2,"10":1,"11":2,"12":4,"13":1,"14":1,"15":2},"b":{"1":[1,8],"2":[1,7],"3":[1,6],"4":[1,3],"5":[1,2],"6":[0,2]},"f":{"1":3,"2":12,"3":9,"4":4,"5":1,"6":2,"7":4,"8":1,"9":1,"10":2},"fnMap":{"1":{"name":"constructor","line":34,"loc":{"start":{"line":34,"column":4},"end":{"line":38,"column":4}}},"2":{"name":"List","line":41,"loc":{"start":{"line":41,"column":4},"end":{"line":50,"column":4}}},"3":{"name":"Mint","line":52,"loc":{"start":{"line":52,"column":4},"end":{"line":73,"column":4}}},"4":{"name":"Withdraw","line":75,"loc":{"start":{"line":75,"column":4},"end":{"line":91,"column":4}}},"5":{"name":"getOwner","line":93,"loc":{"start":{"line":93,"column":4},"end":{"line":95,"column":4}}},"6":{"name":"getDomainMapping","line":97,"loc":{"start":{"line":97,"column":4},"end":{"line":99,"column":4}}},"7":{"name":"getBalance","line":101,"loc":{"start":{"line":101,"column":4},"end":{"line":103,"column":4}}},"8":{"name":"getMintedDomainsCount","line":105,"loc":{"start":{"line":105,"column":4},"end":{"line":107,"column":4}}},"9":{"name":"getListedDomainsCount","line":109,"loc":{"start":{"line":109,"column":4},"end":{"line":111,"column":4}}},"10":{"name":"getListingOwnersCost","line":113,"loc":{"start":{"line":113,"column":4},"end":{"line":115,"column":4}}}},"statementMap":{"1":{"start":{"line":53,"column":8},"end":{"line":53,"column":1309}},"2":{"start":{"line":57,"column":8},"end":{"line":57,"column":1413}},"3":{"start":{"line":61,"column":8},"end":{"line":61,"column":1526}},"4":{"start":{"line":71,"column":8},"end":{"line":71,"column":37}},"5":{"start":{"line":76,"column":8},"end":{"line":76,"column":1820}},"6":{"start":{"line":80,"column":8},"end":{"line":80,"column":1929}},"7":{"start":{"line":84,"column":8},"end":{"line":84,"column":57}},"8":{"start":{"line":87,"column":8},"end":{"line":87,"column":64}},"9":{"start":{"line":88,"column":8},"end":{"line":88,"column":2221}},"10":{"start":{"line":94,"column":8},"end":{"line":94,"column":22}},"11":{"start":{"line":98,"column":8},"end":{"line":98,"column":34}},"12":{"start":{"line":102,"column":8},"end":{"line":102,"column":36}},"13":{"start":{"line":106,"column":8},"end":{"line":106,"column":30}},"14":{"start":{"line":110,"column":8},"end":{"line":110,"column":30}},"15":{"start":{"line":114,"column":8},"end":{"line":114,"column":43}}},"branchMap":{"1":{"line":53,"type":"if","locations":[{"start":{"line":53,"column":8},"end":{"line":53,"column":8}},{"start":{"line":53,"column":8},"end":{"line":53,"column":8}}]},"2":{"line":57,"type":"if","locations":[{"start":{"line":57,"column":8},"end":{"line":57,"column":8}},{"start":{"line":57,"column":8},"end":{"line":57,"column":8}}]},"3":{"line":61,"type":"if","locations":[{"start":{"line":61,"column":8},"end":{"line":61,"column":8}},{"start":{"line":61,"column":8},"end":{"line":61,"column":8}}]},"4":{"line":76,"type":"if","locations":[{"start":{"line":76,"column":8},"end":{"line":76,"column":8}},{"start":{"line":76,"column":8},"end":{"line":76,"column":8}}]},"5":{"line":80,"type":"if","locations":[{"start":{"line":80,"column":8},"end":{"line":80,"column":8}},{"start":{"line":80,"column":8},"end":{"line":80,"column":8}}]},"6":{"line":88,"type":"if","locations":[{"start":{"line":88,"column":8},"end":{"line":88,"column":8}},{"start":{"line":88,"column":8},"end":{"line":88,"column":8}}]}}}}