TN:
SF:/Users/pranavlakkadi/HH-FCC/ETH_Daddy/contracts/ETHDaddy.sol
FN:34,constructor
FN:41,List
FN:52,Mint
FN:75,Withdraw
FN:93,getOwner
FN:97,getDomainMapping
FN:101,getBalance
FN:105,getMintedDomainsCount
FN:109,getListedDomainsCount
FN:113,getListingOwnersCost
FNF:10
FNH:10
FNDA:3,constructor
FNDA:12,List
FNDA:9,Mint
FNDA:4,Withdraw
FNDA:1,getOwner
FNDA:2,getDomainMapping
FNDA:4,getBalance
FNDA:1,getMintedDomainsCount
FNDA:1,getListedDomainsCount
FNDA:2,getListingOwnersCost
DA:35,3
DA:36,3
DA:37,3
DA:43,12
DA:45,12
DA:46,12
DA:47,12
DA:53,9
DA:54,1
DA:57,8
DA:58,1
DA:61,7
DA:62,1
DA:65,6
DA:66,6
DA:69,6
DA:71,6
DA:76,4
DA:77,1
DA:80,3
DA:81,1
DA:84,2
DA:85,2
DA:87,2
DA:88,2
DA:89,0
DA:94,1
DA:98,2
DA:102,4
DA:106,1
DA:110,1
DA:114,2
LF:32
LH:31
BRDA:53,1,0,1
BRDA:53,1,1,8
BRDA:57,2,0,1
BRDA:57,2,1,7
BRDA:61,3,0,1
BRDA:61,3,1,6
BRDA:76,4,0,1
BRDA:76,4,1,3
BRDA:80,5,0,1
BRDA:80,5,1,2
BRDA:88,6,0,0
BRDA:88,6,1,2
BRF:12
BRH:11
end_of_record
